0 info it worked if it ends with ok
1 verbose cli [ '/usr/local/bin/node', '/usr/local/bin/npm', 'start' ]
2 info using npm@1.4.28
3 info using node@v4.4.2
4 verbose run-script [ 'prestart', 'start', 'poststart' ]
5 info prestart johnny-five@0.0.0
6 info start johnny-five@0.0.0
7 verbose unsafe-perm in lifecycle true
8 info johnny-five@0.0.0 Failed to exec start script
9 error johnny-five@0.0.0 start: `node ./bin/www`
9 error Exit status 1
10 error Failed at the johnny-five@0.0.0 start script.
10 error This is most likely a problem with the johnny-five package,
10 error not with npm itself.
10 error Tell the author that this fails on your system:
10 error     node ./bin/www
10 error You can get their info via:
10 error     npm owner ls johnny-five
10 error There is likely additional logging output above.
11 error System Linux 3.19.0-61-generic
12 error command "/usr/local/bin/node" "/usr/local/bin/npm" "start"
13 error cwd /home/josecullen/IdeaProjects/johnny-five
14 error node -v v4.4.2
15 error npm -v 1.4.28
16 error code ELIFECYCLE
17 verbose exit [ 1, true ]
